#
# There is insufficient memory for the Java Runtime Environment to continue.
# Native memory allocation (malloc) failed to allocate 131088 bytes for Chunk::new
# Possible reasons:
#   The system is out of physical RAM or swap space
#   The process is running with CompressedOops enabled, and the Java Heap may be blocking the growth of the native heap
# Possible solutions:
#   Reduce memory load on the system
#   Increase physical memory or swap space
#   Check if swap backing store is full
#   Decrease Java heap size (-Xmx/-Xms)
#   Decrease number of Java threads
#   Decrease Java thread stack sizes (-Xss)
#   Set larger code cache with -XX:ReservedCodeCacheSize=
#   JVM is running with Unscaled Compressed Oops mode in which the Java heap is
#     placed in the first 4GB address space. The Java Heap base address is the
#     maximum limit for the native heap growth. Please use -XX:HeapBaseMinAddress
#     to set the Java Heap base and to place the Java Heap above 4GB virtual address.
# This output file may be truncated or incomplete.
#
#  Out of Memory Error (allocation.cpp:389), pid=13352, tid=0x0000000000001980
#
# JRE version: Java(TM) SE Runtime Environment (8.0_251-b08) (build 1.8.0_251-b08)
# Java VM: Java HotSpot(TM) 64-Bit Server VM (25.251-b08 mixed mode windows-amd64 compressed oops)
# Failed to write core dump. Minidumps are not enabled by default on client versions of Windows
#

---------------  T H R E A D  ---------------

Current thread (0x00000000188bd800):  JavaThread "C2 CompilerThread0" daemon [_thread_in_native, id=6528, stack(0x0000000018f90000,0x0000000019090000)]

Stack: [0x0000000018f90000,0x0000000019090000]
[error occurred during error reporting (printing stack bounds), id 0xc0000005]

Native frames: (J=compiled Java code, j=interpreted, Vv=VM code, C=native code)


Current CompileTask:
C2:   8933 5290   !   4       org.apache.catalina.startup.ContextConfig::checkHandlesTypes (453 bytes)


---------------  P R O C E S S  ---------------

Java Threads: ( => current thread )
  0x0000000018c70800 JavaThread "localhost-startStop-1" daemon [_thread_in_native, id=1240, stack(0x0000000021030000,0x0000000021130000)]
  0x0000000019a9f000 JavaThread "Tomcat-startStop-1" daemon [_thread_blocked, id=10608, stack(0x000000001e880000,0x000000001e980000)]
  0x0000000018964800 JavaThread "Service Thread" daemon [_thread_blocked, id=15208, stack(0x0000000019290000,0x0000000019390000)]
  0x00000000188c3800 JavaThread "C1 CompilerThread2" daemon [_thread_blocked, id=2808, stack(0x0000000019190000,0x0000000019290000)]
  0x00000000188c1800 JavaThread "C2 CompilerThread1" daemon [_thread_in_native, id=14684, stack(0x0000000019090000,0x0000000019190000)]
=>0x00000000188bd800 JavaThread "C2 CompilerThread0" daemon [_thread_in_native, id=6528, stack(0x0000000018f90000,0x0000000019090000)]
  0x00000000188bc000 JavaThread "Monitor Ctrl-Break" daemon [_thread_in_native, id=1416, stack(0x0000000018e90000,0x0000000018f90000)]
  0x00000000174b8000 JavaThread "Attach Listener" daemon [_thread_blocked, id=1992, stack(0x0000000018d90000,0x0000000018e90000)]
  0x000000001751e800 JavaThread "Signal Dispatcher" daemon [_thread_blocked, id=16140, stack(0x0000000018c90000,0x0000000018d90000)]
  0x000000000299b800 JavaThread "Finalizer" daemon [_thread_blocked, id=16240, stack(0x0000000018730000,0x0000000018830000)]
  0x00000000174aa000 JavaThread "Reference Handler" daemon [_thread_blocked, id=9856, stack(0x0000000018630000,0x0000000018730000)]
  0x00000000028a2800 JavaThread "main" [_thread_blocked, id=9624, stack(0x00000000025b0000,0x00000000026b0000)]

Other Threads:
  0x0000000017487000 VMThread [stack: 0x0000000018530000,0x0000000018630000] [id=16176]
  0x000000001896c000 WatcherThread [stack: 0x0000000019390000,0x0000000019490000] [id=15380]

VM state:not at safepoint (normal execution)

VM Mutex/Monitor currently owned by a thread: None

heap address: 0x0000000081e00000, size: 2018 MB, Compressed Oops mode: 32-bit
Narrow klass base: 0x0000000000000000, Narrow klass shift: 3
Compressed class space size: 1073741824 Address: 0x0000000100000000

Heap:
 PSYoungGen      total 143872K, used 100195K [0x00000000d5f80000, 0x00000000df680000, 0x0000000100000000)
  eden space 133120K, 75% used [0x00000000d5f80000,0x00000000dc158f30,0x00000000de180000)
  from space 10752K, 0% used [0x00000000de180000,0x00000000de180000,0x00000000dec00000)
  to   space 10752K, 0% used [0x00000000dec00000,0x00000000dec00000,0x00000000df680000)
 ParOldGen       total 69632K, used 50898K [0x0000000081e00000, 0x0000000086200000, 0x00000000d5f80000)
  object space 69632K, 73% used [0x0000000081e00000,0x0000000084fb4870,0x0000000086200000)
 Metaspace       used 29952K, capacity 30860K, committed 30976K, reserved 1077248K
  class space    used 3511K, capacity 3757K, committed 3840K, reserved 1048576K

Card table byte_map: [0x0000000011d60000,0x0000000012160000] byte_map_base: 0x0000000011951000

Marking Bits: (ParMarkBitMap*) 0x000000006659af90
 Begin Bits: [0x0000000012810000, 0x0000000014798000)
 End Bits:   [0x0000000014798000, 0x0000000016720000)

Polling page: 0x00000000006b0000

CodeCache: size=245760Kb used=15201Kb max_used=16552Kb free=230559Kb
 bounds [0x00000000029a0000, 0x00000000039f0000, 0x00000000119a0000]
 total_blobs=4801 nmethods=4362 adapters=351
 compilation: enabled

Compilation events (10 events):
Event: 7.931 Thread 0x00000000188c3800 5296       3       java.util.LinkedHashMap::get (33 bytes)
Event: 7.931 Thread 0x00000000188c3800 nmethod 5296 0x00000000030a67d0 code [0x00000000030a6960, 0x00000000030a6e68]
Event: 8.251 Thread 0x00000000188c3800 5301       3       java.util.WeakHashMap::getEntry (72 bytes)
Event: 8.252 Thread 0x00000000188c3800 nmethod 5301 0x00000000031a9ed0 code [0x00000000031aa0a0, 0x00000000031aa928]
Event: 8.256 Thread 0x00000000188c3800 5302       3       java.io.FilterInputStream::available (8 bytes)
Event: 8.257 Thread 0x00000000188c3800 nmethod 5302 0x0000000002b58f50 code [0x0000000002b590c0, 0x0000000002b592e8]
Event: 8.673 Thread 0x00000000188c3800 5304       3       org.apache.catalina.deploy.WebXml::mergeResourceMap (167 bytes)
Event: 8.674 Thread 0x00000000188c3800 nmethod 5304 0x0000000002c38050 code [0x0000000002c38340, 0x0000000002c399a8]
Event: 8.674 Thread 0x00000000188c3800 5305       1       org.apache.catalina.deploy.SessionConfig::getSessionTrackingModes (5 bytes)
Event: 8.674 Thread 0x00000000188c3800 nmethod 5305 0x0000000002f86d10 code [0x0000000002f86e60, 0x0000000002f86f70]

GC Heap History (10 events):
Event: 3.924 GC heap before
{Heap before GC invocations=7 (full 1):
 PSYoungGen      total 143872K, used 8759K [0x00000000d5f80000, 0x00000000df680000, 0x0000000100000000)
  eden space 133120K, 0% used [0x00000000d5f80000,0x00000000d5f80000,0x00000000de180000)
  from space 10752K, 81% used [0x00000000dec00000,0x00000000df48df40,0x00000000df680000)
  to   space 10752K, 0% used [0x00000000de180000,0x00000000de180000,0x00000000dec00000)
 ParOldGen       total 87552K, used 11442K [0x0000000081e00000, 0x0000000087380000, 0x00000000d5f80000)
  object space 87552K, 13% used [0x0000000081e00000,0x000000008292c970,0x0000000087380000)
 Metaspace       used 20507K, capacity 21110K, committed 21296K, reserved 1069056K
  class space    used 2427K, capacity 2596K, committed 2688K, reserved 1048576K
Event: 3.975 GC heap after
Heap after GC invocations=7 (full 1):
 PSYoungGen      total 143872K, used 0K [0x00000000d5f80000, 0x00000000df680000, 0x0000000100000000)
  eden space 133120K, 0% used [0x00000000d5f80000,0x00000000d5f80000,0x00000000de180000)
  from space 10752K, 0% used [0x00000000dec00000,0x00000000dec00000,0x00000000df680000)
  to   space 10752K, 0% used [0x00000000de180000,0x00000000de180000,0x00000000dec00000)
 ParOldGen       total 69632K, used 14501K [0x0000000081e00000, 0x0000000086200000, 0x00000000d5f80000)
  object space 69632K, 20% used [0x0000000081e00000,0x0000000082c295f8,0x0000000086200000)
 Metaspace       used 20507K, capacity 21110K, committed 21296K, reserved 1069056K
  class space    used 2427K, capacity 2596K, committed 2688K, reserved 1048576K
}
Event: 7.095 GC heap before
{Heap before GC invocations=8 (full 1):
 PSYoungGen      total 143872K, used 133120K [0x00000000d5f80000, 0x00000000df680000, 0x0000000100000000)
  eden space 133120K, 100% used [0x00000000d5f80000,0x00000000de180000,0x00000000de180000)
  from space 10752K, 0% used [0x00000000dec00000,0x00000000dec00000,0x00000000df680000)
  to   space 10752K, 0% used [0x00000000de180000,0x00000000de180000,0x00000000dec00000)
 ParOldGen       total 69632K, used 14501K [0x0000000081e00000, 0x0000000086200000, 0x00000000d5f80000)
  object space 69632K, 20% used [0x0000000081e00000,0x0000000082c295f8,0x0000000086200000)
 Metaspace       used 29841K, capacity 30654K, committed 30976K, reserved 1077248K
  class space    used 3507K, capacity 3755K, committed 3840K, reserved 1048576K
Event: 7.117 GC heap after
Heap after GC invocations=8 (full 1):
 PSYoungGen      total 143872K, used 10724K [0x00000000d5f80000, 0x00000000df680000, 0x0000000100000000)
  eden space 133120K, 0% used [0x00000000d5f80000,0x00000000d5f80000,0x00000000de180000)
  from space 10752K, 99% used [0x00000000de180000,0x00000000debf9190,0x00000000dec00000)
  to   space 10752K, 0% used [0x00000000dec00000,0x00000000dec00000,0x00000000df680000)
 ParOldGen       total 69632K, used 25971K [0x0000000081e00000, 0x0000000086200000, 0x00000000d5f80000)
  object space 69632K, 37% used [0x0000000081e00000,0x000000008375cc48,0x0000000086200000)
 Metaspace       used 29841K, capacity 30654K, committed 30976K, reserved 1077248K
  class space    used 3507K, capacity 3755K, committed 3840K, reserved 1048576K
}
Event: 7.732 GC heap before
{Heap before GC invocations=9 (full 1):
 PSYoungGen      total 143872K, used 143844K [0x00000000d5f80000, 0x00000000df680000, 0x0000000100000000)
  eden space 133120K, 100% used [0x00000000d5f80000,0x00000000de180000,0x00000000de180000)
  from space 10752K, 99% used [0x00000000de180000,0x00000000debf9190,0x00000000dec00000)
  to   space 10752K, 0% used [0x00000000dec00000,0x00000000dec00000,0x00000000df680000)
 ParOldGen       total 69632K, used 25971K [0x0000000081e00000, 0x0000000086200000, 0x00000000d5f80000)
  object space 69632K, 37% used [0x0000000081e00000,0x000000008375cc48,0x0000000086200000)
 Metaspace       used 29941K, capacity 30792K, committed 30976K, reserved 1077248K
  class space    used 3509K, capacity 3757K, committed 3840K, reserved 1048576K
Event: 7.755 GC heap after
Heap after GC invocations=9 (full 1):
 PSYoungGen      total 143872K, used 10745K [0x00000000d5f80000, 0x00000000df680000, 0x0000000100000000)
  eden space 133120K, 0% used [0x00000000d5f80000,0x00000000d5f80000,0x00000000de180000)
  from space 10752K, 99% used [0x00000000dec00000,0x00000000df67e6c0,0x00000000df680000)
  to   space 10752K, 0% used [0x00000000de180000,0x00000000de180000,0x00000000dec00000)
 ParOldGen       total 69632K, used 45276K [0x0000000081e00000, 0x0000000086200000, 0x00000000d5f80000)
  object space 69632K, 65% used [0x0000000081e00000,0x0000000084a37018,0x0000000086200000)
 Metaspace       used 29941K, capacity 30792K, committed 30976K, reserved 1077248K
  class space    used 3509K, capacity 3757K, committed 3840K, reserved 1048576K
}
Event: 8.443 GC heap before
{Heap before GC invocations=10 (full 1):
 PSYoungGen      total 143872K, used 143865K [0x00000000d5f80000, 0x00000000df680000, 0x0000000100000000)
  eden space 133120K, 100% used [0x00000000d5f80000,0x00000000de180000,0x00000000de180000)
  from space 10752K, 99% used [0x00000000dec00000,0x00000000df67e6c0,0x00000000df680000)
  to   space 10752K, 0% used [0x00000000de180000,0x00000000de180000,0x00000000dec00000)
 ParOldGen       total 69632K, used 45276K [0x0000000081e00000, 0x0000000086200000, 0x00000000d5f80000)
  object space 69632K, 65% used [0x0000000081e00000,0x0000000084a37018,0x0000000086200000)
 Metaspace       used 29950K, capacity 30860K, committed 30976K, reserved 1077248K
  class space    used 3511K, capacity 3757K, committed 3840K, reserved 1048576K
Event: 8.464 GC heap after
Heap after GC invocations=10 (full 1):
 PSYoungGen      total 143872K, used 10745K [0x00000000d5f80000, 0x00000000df680000, 0x0000000100000000)
  eden space 133120K, 0% used [0x00000000d5f80000,0x00000000d5f80000,0x00000000de180000)
  from space 10752K, 99% used [0x00000000de180000,0x00000000debfe6b0,0x00000000dec00000)
  to   space 10752K, 0% used [0x00000000dec00000,0x00000000dec00000,0x00000000df680000)
 ParOldGen       total 69632K, used 62327K [0x0000000081e00000, 0x0000000086200000, 0x00000000d5f80000)
  object space 69632K, 89% used [0x0000000081e00000,0x0000000085addf10,0x0000000086200000)
 Metaspace       used 29950K, capacity 30860K, committed 30976K, reserved 1077248K
  class space    used 3511K, capacity 3757K, committed 3840K, reserved 1048576K
}
Event: 8.464 GC heap before
{Heap before GC invocations=11 (full 2):
 PSYoungGen      total 143872K, used 10745K [0x00000000d5f80000, 0x00000000df680000, 0x0000000100000000)
  eden space 133120K, 0% used [0x00000000d5f80000,0x00000000d5f80000,0x00000000de180000)
  from space 10752K, 99% used [0x00000000de180000,0x00000000debfe6b0,0x00000000dec00000)
  to   space 10752K, 0% used [0x00000000dec00000,0x00000000dec00000,0x00000000df680000)
 ParOldGen       total 69632K, used 62327K [0x0000000081e00000, 0x0000000086200000, 0x00000000d5f80000)
  object space 69632K, 89% used [0x0000000081e00000,0x0000000085addf10,0x0000000086200000)
 Metaspace       used 29950K, capacity 30860K, committed 30976K, reserved 1077248K
  class space    used 3511K, capacity 3757K, committed 3840K, reserved 1048576K
Event: 8.597 GC heap after
Heap after GC invocations=11 (full 2):
 PSYoungGen      total 143872K, used 0K [0x00000000d5f80000, 0x00000000df680000, 0x0000000100000000)
  eden space 133120K, 0% used [0x00000000d5f80000,0x00000000d5f80000,0x00000000de180000)
  from space 10752K, 0% used [0x00000000de180000,0x00000000de180000,0x00000000dec00000)
  to   space 10752K, 0% used [0x00000000dec00000,0x00000000dec00000,0x00000000df680000)
 ParOldGen       total 69632K, used 50898K [0x0000000081e00000, 0x0000000086200000, 0x00000000d5f80000)
  object space 69632K, 73% used [0x0000000081e00000,0x0000000084fb4870,0x0000000086200000)
 Metaspace       used 29950K, capacity 30860K, committed 30976K, reserved 1077248K
  class space    used 3511K, capacity 3757K, committed 3840K, reserved 1048576K
}

Deoptimization events (10 events):
Event: 7.087 Thread 0x0000000018c70800 Uncommon trap: reason=unstable_if action=reinterpret pc=0x0000000002b0fcd8 method=org.codehaus.plexus.classworlds.realm.Entry.matches(Ljava/lang/String;)Z @ 209
Event: 7.164 Thread 0x0000000018c70800 Uncommon trap: reason=unloaded action=reinterpret pc=0x000000000301e78c method=org.apache.tomcat.util.bcel.classfile.Constant.readConstant(Ljava/io/DataInputStream;)Lorg/apache/tomcat/util/bcel/classfile/Constant; @ 164
Event: 7.246 Thread 0x0000000018c70800 Uncommon trap: reason=unloaded action=reinterpret pc=0x0000000002b5737c method=org.apache.tomcat.util.bcel.classfile.Constant.readConstant(Ljava/io/DataInputStream;)Lorg/apache/tomcat/util/bcel/classfile/Constant; @ 187
Event: 7.273 Thread 0x0000000018c70800 Uncommon trap: reason=unstable_if action=reinterpret pc=0x00000000033ea1c8 method=org.apache.tomcat.util.bcel.classfile.StackMapTableEntry.<init>(Ljava/io/DataInputStream;Lorg/apache/tomcat/util/bcel/classfile/ConstantPool;)V @ 109
Event: 7.297 Thread 0x0000000018c70800 Uncommon trap: reason=unstable_if action=reinterpret pc=0x00000000031e2e04 method=org.apache.tomcat.util.bcel.classfile.ConstantUtf8$1.removeEldestEntry(Ljava/util/Map$Entry;)Z @ 7
Event: 7.426 Thread 0x0000000018c70800 Uncommon trap: reason=unstable_if action=reinterpret pc=0x0000000002cce69c method=java.util.HashMap.removeNode(ILjava/lang/Object;Ljava/lang/Object;ZZ)Ljava/util/HashMap$Node; @ 71
Event: 7.439 Thread 0x0000000018c70800 Uncommon trap: reason=unloaded action=reinterpret pc=0x00000000030738dc method=org.apache.tomcat.util.bcel.classfile.Attribute.readAttribute(Ljava/io/DataInputStream;Lorg/apache/tomcat/util/bcel/classfile/ConstantPool;)Lorg/apache/tomcat/util/bcel/classfi
Event: 7.660 Thread 0x0000000018c70800 Uncommon trap: reason=unstable_if action=reinterpret pc=0x00000000032dbb2c method=org.apache.catalina.startup.ContextConfig.getSCIsForClass(Ljava/lang/String;)Ljava/util/Set; @ 62
Event: 7.930 Thread 0x0000000018c70800 Uncommon trap: reason=unstable_if action=reinterpret pc=0x00000000032feefc method=java.util.LinkedHashMap.afterNodeAccess(Ljava/util/HashMap$Node;)V @ 41
Event: 7.930 Thread 0x0000000018c70800 Uncommon trap: reason=unstable_if action=reinterpret pc=0x0000000002ae014c method=java.util.LinkedHashMap.afterNodeAccess(Ljava/util/HashMap$Node;)V @ 41

Classes redefined (0 events):
No events

Internal exceptions (10 events):
Event: 2.203 Thread 0x00000000028a2800 Implicit null exception at 0x00000000030b0bf6 to 0x00000000030b1645
Event: 2.203 Thread 0x00000000028a2800 Implicit null exception at 0x0000000002d2b35b to 0x0000000002d2b7cd
Event: 2.289 Thread 0x00000000028a2800 Implicit null exception at 0x000000000317f666 to 0x00000000031809b1
Event: 2.811 Thread 0x00000000028a2800 Implicit null exception at 0x00000000032a003d to 0x00000000032a0471
Event: 3.801 Thread 0x00000000028a2800 Exception <a 'java/lang/ClassNotFoundException': com/sun/tools/javac/api/JavacTool> (0x00000000d9170fc8) thrown at [C:\jenkins\workspace\8-2-build-windows-amd64-cygwin\jdk8u251\737\hotspot\src\share\vm\classfile\systemDictionary.cpp, line 210]
Event: 4.208 Thread 0x00000000028a2800 Exception <a 'java/io/FileNotFoundException'> (0x00000000d7032978) thrown at [C:\jenkins\workspace\8-2-build-windows-amd64-cygwin\jdk8u251\737\hotspot\src\share\vm\prims\jni.cpp, line 710]
Event: 4.211 Thread 0x00000000028a2800 Exception <a 'java/io/FileNotFoundException'> (0x00000000d7068308) thrown at [C:\jenkins\workspace\8-2-build-windows-amd64-cygwin\jdk8u251\737\hotspot\src\share\vm\prims\jni.cpp, line 710]
Event: 5.920 Thread 0x00000000028a2800 Exception <a 'java/io/FileNotFoundException'> (0x00000000daeb5208) thrown at [C:\jenkins\workspace\8-2-build-windows-amd64-cygwin\jdk8u251\737\hotspot\src\share\vm\prims\jni.cpp, line 710]
Event: 7.930 Thread 0x0000000018c70800 Implicit null exception at 0x00000000032fdeb5 to 0x00000000032feed1
Event: 7.930 Thread 0x0000000018c70800 Implicit null exception at 0x0000000002adfeee to 0x0000000002ae0125

Events (10 events):
Event: 8.601 Executing VM operation: RevokeBias done
Event: 8.601 Executing VM operation: BulkRevokeBias
Event: 8.601 Executing VM operation: BulkRevokeBias done
Event: 8.602 Executing VM operation: RevokeBias
Event: 8.602 Executing VM operation: RevokeBias done
Event: 8.602 Executing VM operation: BulkRevokeBias
Event: 8.602 Executing VM operation: BulkRevokeBias done
Event: 8.674 Thread 0x00000000188c3800 flushing nmethod 0x000000000339b190
Event: 8.674 Thread 0x00000000188c3800 flushing nmethod 0x00000000033a9050
Event: 8.675 Thread 0x00000000188c3800 flushing nmethod 0x0000000003498050


Dynamic libraries:
0x00007ff713eb0000 - 0x00007ff713ee7000 	D:\Java\jdk\bin\java.exe
0x00007ffe40c80000 - 0x00007ffe40e70000 	C:\WINDOWS\SYSTEM32\ntdll.dll
0x00007ffe40980000 - 0x00007ffe40a32000 	C:\WINDOWS\System32\KERNEL32.DLL
0x00007ffe3dd40000 - 0x00007ffe3dfe5000 	C:\WINDOWS\System32\KERNELBASE.dll
0x00007ffe3f3f0000 - 0x00007ffe3f493000 	C:\WINDOWS\System32\ADVAPI32.dll
0x00007ffe40670000 - 0x00007ffe4070e000 	C:\WINDOWS\System32\msvcrt.dll
0x00007ffe3f300000 - 0x00007ffe3f397000 	C:\WINDOWS\System32\sechost.dll
0x00007ffe3fda0000 - 0x00007ffe3fec0000 	C:\WINDOWS\System32\RPCRT4.dll
0x00007ffe40a40000 - 0x00007ffe40bd4000 	C:\WINDOWS\System32\USER32.dll
0x00007ffe3dcb0000 - 0x00007ffe3dcd1000 	C:\WINDOWS\System32\win32u.dll
0x00007ffe3f3a0000 - 0x00007ffe3f3c6000 	C:\WINDOWS\System32\GDI32.dll
0x00007ffe3ea70000 - 0x00007ffe3ec06000 	C:\WINDOWS\System32\gdi32full.dll
0x00007ffe3ed10000 - 0x00007ffe3edae000 	C:\WINDOWS\System32\msvcp_win.dll
0x00007ffe3e970000 - 0x00007ffe3ea6a000 	C:\WINDOWS\System32\ucrtbase.dll
0x00007ffe29570000 - 0x00007ffe297f4000 	C:\WINDOWS\WinSxS\amd64_microsoft.windows.common-controls_6595b64144ccf1df_6.0.18362.1198_none_9e820b57e45ad92f\COMCTL32.dll
0x00007ffe3efc0000 - 0x00007ffe3f2f5000 	C:\WINDOWS\System32\combase.dll
0x00007ffe3e780000 - 0x00007ffe3e800000 	C:\WINDOWS\System32\bcryptPrimitives.dll
0x00007ffe3fc10000 - 0x00007ffe3fc3e000 	C:\WINDOWS\System32\IMM32.DLL
0x0000000067910000 - 0x00000000679e2000 	D:\Java\jdk\jre\bin\msvcr100.dll
0x0000000065d70000 - 0x000000006661b000 	D:\Java\jdk\jre\bin\server\jvm.dll
0x00007ffe407c0000 - 0x00007ffe407c8000 	C:\WINDOWS\System32\PSAPI.DLL
0x00007ffe2e160000 - 0x00007ffe2e169000 	C:\WINDOWS\SYSTEM32\WSOCK32.dll
0x00007ffe35c60000 - 0x00007ffe35c84000 	C:\WINDOWS\SYSTEM32\WINMM.dll
0x00007ffe3f4a0000 - 0x00007ffe3f50f000 	C:\WINDOWS\System32\WS2_32.dll
0x00007ffe39450000 - 0x00007ffe3945a000 	C:\WINDOWS\SYSTEM32\VERSION.dll
0x00007ffe35990000 - 0x00007ffe359bd000 	C:\WINDOWS\SYSTEM32\WINMMBASE.dll
0x00007ffe3ecc0000 - 0x00007ffe3ed0a000 	C:\WINDOWS\System32\cfgmgr32.dll
0x00007ffe3a860000 - 0x00007ffe3a86f000 	D:\Java\jdk\jre\bin\verify.dll
0x00007ffe3a830000 - 0x00007ffe3a859000 	D:\Java\jdk\jre\bin\java.dll
0x00007ffe39830000 - 0x00007ffe39853000 	D:\Java\jdk\jre\bin\instrument.dll
0x00007ffe3a810000 - 0x00007ffe3a826000 	D:\Java\jdk\jre\bin\zip.dll
0x00007ffe3f520000 - 0x00007ffe3fc07000 	C:\WINDOWS\System32\SHELL32.dll
0x00007ffe40710000 - 0x00007ffe407b9000 	C:\WINDOWS\System32\shcore.dll
0x00007ffe3dff0000 - 0x00007ffe3e771000 	C:\WINDOWS\System32\windows.storage.dll
0x00007ffe3dbc0000 - 0x00007ffe3dbe3000 	C:\WINDOWS\System32\profapi.dll
0x00007ffe3dc30000 - 0x00007ffe3dc7a000 	C:\WINDOWS\System32\powrprof.dll
0x00007ffe3dbb0000 - 0x00007ffe3dbc0000 	C:\WINDOWS\System32\UMPDC.dll
0x00007ffe401a0000 - 0x00007ffe401f2000 	C:\WINDOWS\System32\shlwapi.dll
0x00007ffe3dc10000 - 0x00007ffe3dc21000 	C:\WINDOWS\System32\kernel.appcore.dll
0x00007ffe3e800000 - 0x00007ffe3e817000 	C:\WINDOWS\System32\cryptsp.dll
0x00007ffe36070000 - 0x00007ffe3608a000 	D:\Java\Intellij idea\IntelliJ IDEA 2020.1.2\bin\breakgen64.dll
0x00007ffe3a7f0000 - 0x00007ffe3a80a000 	D:\Java\jdk\jre\bin\net.dll
0x00007ffe3d400000 - 0x00007ffe3d467000 	C:\WINDOWS\system32\mswsock.dll
0x00007ffe3cf70000 - 0x00007ffe3cfa3000 	C:\WINDOWS\system32\rsaenh.dll
0x00007ffe3dc80000 - 0x00007ffe3dca6000 	C:\WINDOWS\System32\bcrypt.dll
0x00007ffe3dad0000 - 0x00007ffe3daf5000 	C:\WINDOWS\SYSTEM32\USERENV.dll
0x00007ffe3d5d0000 - 0x00007ffe3d5dc000 	C:\WINDOWS\SYSTEM32\CRYPTBASE.dll
0x00007ffe3d110000 - 0x00007ffe3d14a000 	C:\WINDOWS\SYSTEM32\IPHLPAPI.DLL
0x00007ffe3f510000 - 0x00007ffe3f518000 	C:\WINDOWS\System32\NSI.dll
0x00007ffe38b10000 - 0x00007ffe38b26000 	C:\WINDOWS\SYSTEM32\dhcpcsvc6.DLL
0x00007ffe38af0000 - 0x00007ffe38b0c000 	C:\WINDOWS\SYSTEM32\dhcpcsvc.DLL
0x00007ffe3d150000 - 0x00007ffe3d21b000 	C:\WINDOWS\SYSTEM32\DNSAPI.dll
0x00007ffe39fe0000 - 0x00007ffe39ff2000 	D:\Java\jdk\jre\bin\nio.dll
0x00007ffe329e0000 - 0x00007ffe329ea000 	C:\Users\Silence\AppData\Local\Temp\jansi-1.17.1-8615432685238328398.dll
0x00007ffe329d0000 - 0x00007ffe329da000 	C:\Users\Silence\AppData\Local\Temp\jansi-1.17.1-7055703390489905667.dll
0x00007ffe36060000 - 0x00007ffe3606d000 	D:\Java\jdk\jre\bin\management.dll

VM Arguments:
jvm_args: -Dmaven.multiModuleProjectDirectory=D:\Java\Javaproject\taotao-parent\taotao-manager-web -Dmaven.home=D:\Java\apache-maven-3.5.4 -Dclassworlds.conf=D:\Java\apache-maven-3.5.4\bin\m2.conf -Dmaven.ext.class.path=D:\Java\Intellij idea\IntelliJ IDEA 2020.1.2\plugins\maven\lib\maven-event-listener.jar -javaagent:D:\Java\Intellij idea\IntelliJ IDEA 2020.1.2\lib\idea_rt.jar=61368:D:\Java\Intellij idea\IntelliJ IDEA 2020.1.2\bin -Dfile.encoding=UTF-8 
java_command: org.codehaus.classworlds.Launcher -Didea.version2020.1.2 -s D:\Java\apache-maven-3.5.4\conf\settings.xml clean tomcat7:run
java_class_path (initial): D:\Java\apache-maven-3.5.4\boot\plexus-classworlds-2.5.2.jar;D:\Java\Intellij idea\IntelliJ IDEA 2020.1.2\lib\idea_rt.jar
Launcher Type: SUN_STANDARD

Environment Variables:
JAVA_HOME=D:\Java\jdk
CLASSPATH=D:\Java\jdk\lib\dt.jar;D:\Java\jdk\lib\tools.jar
PATH=D:\Xshell\;C:\Program Files (x86)\Common Files\Oracle\Java\javapath;C:\Windows\system32;C:\Windows;C:\Windows\System32\Wbem;C:\Windows\System32\WindowsPowerShell\v1.0\;D:\Java\apache-maven-3.5.4\bin;C:\Program Files (x86)\MySQL\MySQL Server 5.1\bin;C:\Program Files (x86)\NVIDIA Corporation\PhysX\Common;C:\Program Files\Intel\WiFi\bin\;C:\Program Files\Common Files\Intel\WirelessCommon\;C:\WINDOWS\system32;C:\WINDOWS;C:\WINDOWS\System32\Wbem;C:\WINDOWS\System32\WindowsPowerShell\v1.0\;C:\WINDOWS\System32\OpenSSH\;D:\Java\Git\cmd;D:\Java\jdk\bin;C:\Program Files\Intel\WiFi\bin\;C:\Program Files\Common Files\Intel\WirelessCommon\;C:\Users\Silence\AppData\Local\Microsoft\WindowsApps;
USERNAME=Silence
OS=Windows_NT
PROCESSOR_IDENTIFIER=Intel64 Family 6 Model 158 Stepping 9, GenuineIntel



---------------  S Y S T E M  ---------------

OS: Windows 10.0 , 64 bit Build 18362 (10.0.18362.1110)

CPU:total 4 (initial active 4) (4 cores per cpu, 1 threads per core) family 6 model 158 stepping 9, cmov, cx8, fxsr, mmx, sse, sse2, sse3, ssse3, sse4.1, sse4.2, popcnt, avx, avx2, aes, clmul, erms, 3dnowpref, lzcnt, tsc, tscinvbit, bmi1, bmi2, adx

Memory: 4k page, physical 8264920k(948680k free), swap 14556376k(3176k free)

vm_info: Java HotSpot(TM) 64-Bit Server VM (25.251-b08) for windows-amd64 JRE (1.8.0_251-b08), built on Mar 12 2020 06:31:49 by "" with MS VC++ 10.0 (VS2010)

time: Fri Dec 11 21:09:30 2020
timezone: 中国标准时间
elapsed time: 8 seconds (0d 0h 0m 8s)

